Started GET "/" for 127.0.0.1 at 2017-09-10 11:04:46 -0400
  [1m[35m (1.1ms)[0m  [1m[34mSELECT "schema_migrations"."version" FROM "schema_migrations" ORDER BY "schema_migrations"."version" ASC[0m
Processing by ReservationsController#index as HTML
  [1m[36mUser Load (1.3ms)[0m  [1m[34mSELECT  "users".* FROM "users" WHERE "users"."id" = $1 ORDER BY "users"."id" ASC LIMIT $2[0m  [["id", 1], ["LIMIT", 1]]
  Rendering reservations/index.html.erb within layouts/application
  [1m[36mReservation Load (0.7ms)[0m  [1m[34mSELECT "reservations".* FROM "reservations"[0m
  [1m[36mUser Load (0.4ms)[0m  [1m[34mSELECT  "users".* FROM "users" WHERE "users"."id" = $1 LIMIT $2[0m  [["id", 1], ["LIMIT", 1]]
  [1m[36mGolfclub Load (0.4ms)[0m  [1m[34mSELECT  "golfclubs".* FROM "golfclubs" WHERE "golfclubs"."id" = $1 LIMIT $2[0m  [["id", 2], ["LIMIT", 1]]
  [1m[36mTimeslot Load (2.7ms)[0m  [1m[34mSELECT  "timeslots".* FROM "timeslots" WHERE "timeslots"."id" = $1 LIMIT $2[0m  [["id", 6], ["LIMIT", 1]]
  Rendered reservations/index.html.erb within layouts/application (98.1ms)
Started GET "/" for 127.0.0.1 at 2017-09-10 11:04:53 -0400
Processing by ReservationsController#index as HTML
  [1m[36mUser Load (140.0ms)[0m  [1m[34mSELECT  "users".* FROM "users" WHERE "users"."id" = $1 ORDER BY "users"."id" ASC LIMIT $2[0m  [["id", 1], ["LIMIT", 1]]
  Rendering reservations/index.html.erb within layouts/application
  [1m[36mReservation Load (35.8ms)[0m  [1m[34mSELECT "reservations".* FROM "reservations"[0m
  [1m[36mUser Load (0.6ms)[0m  [1m[34mSELECT  "users".* FROM "users" WHERE "users"."id" = $1 LIMIT $2[0m  [["id", 1], ["LIMIT", 1]]
  [1m[36mGolfclub Load (95.8ms)[0m  [1m[34mSELECT  "golfclubs".* FROM "golfclubs" WHERE "golfclubs"."id" = $1 LIMIT $2[0m  [["id", 2], ["LIMIT", 1]]
  [1m[36mTimeslot Load (0.8ms)[0m  [1m[34mSELECT  "timeslots".* FROM "timeslots" WHERE "timeslots"."id" = $1 LIMIT $2[0m  [["id", 6], ["LIMIT", 1]]
  Rendered reservations/index.html.erb within layouts/application (536.2ms)
Started GET "/" for 127.0.0.1 at 2017-09-10 11:05:11 -0400
Processing by ReservationsController#index as HTML
  [1m[36mUser Load (101.6ms)[0m  [1m[34mSELECT  "users".* FROM "users" WHERE "users"."id" = $1 ORDER BY "users"."id" ASC LIMIT $2[0m  [["id", 1], ["LIMIT", 1]]
  Rendering reservations/index.html.erb within layouts/application
  [1m[36mReservation Load (158.4ms)[0m  [1m[34mSELECT "reservations".* FROM "reservations"[0m
  [1m[36mUser Load (103.2ms)[0m  [1m[34mSELECT  "users".* FROM "users" WHERE "users"."id" = $1 LIMIT $2[0m  [["id", 1], ["LIMIT", 1]]
  [1m[36mGolfclub Load (4.1ms)[0m  [1m[34mSELECT  "golfclubs".* FROM "golfclubs" WHERE "golfclubs"."id" = $1 LIMIT $2[0m  [["id", 2], ["LIMIT", 1]]
  [1m[36mTimeslot Load (84.6ms)[0m  [1m[34mSELECT  "timeslots".* FROM "timeslots" WHERE "timeslots"."id" = $1 LIMIT $2[0m  [["id", 6], ["LIMIT", 1]]
  Rendered reservations/index.html.erb within layouts/application (987.2ms)
Completed 500 Internal Server Error in 52699ms (ActiveRecord: 27.8ms)


  
ActionView::Template::Error (can't add a new key into hash during iteration):
    4:     <title>Golfreservation</title>
    5:     <%= csrf_meta_tags %>
    6: 
    7:     <%= stylesheet_link_tag    'application', media: 'all', 'data-turbolinks-track': 'reload' %>
    8:     <%= javascript_include_tag 'application', 'data-turbolinks-track': 'reload' %>
    9:   </head>
   10: 
  
app/views/layouts/application.html.erb:7:in `_app_views_layouts_application_html_erb___3407698712661509626_70150948066320'
Completed 500 Internal Server Error in 30474ms (ActiveRecord: 914.7ms)


  
ActionView::Template::Error (can't add a new key into hash during iteration):
     5:     <%= csrf_meta_tags %>
     6: 
     7:     <%= stylesheet_link_tag    'application', media: 'all', 'data-turbolinks-track': 'reload' %>
     8:     <%= javascript_include_tag 'application', 'data-turbolinks-track': 'reload' %>
     9:   </head>
    10: 
    11:   <body>
  
app/views/layouts/application.html.erb:8:in `_app_views_layouts_application_html_erb___3407698712661509626_70150993734480'
Completed 200 OK in 48666ms (Views: 47773.8ms | ActiveRecord: 755.8ms)


Started GET "/" for 127.0.0.1 at 2017-09-10 11:05:44 -0400
Processing by ReservationsController#index as HTML
  [1m[36mUser Load (1.1ms)[0m  [1m[34mSELECT  "users".* FROM "users" WHERE "users"."id" = $1 ORDER BY "users"."id" ASC LIMIT $2[0m  [["id", 1], ["LIMIT", 1]]
  Rendering reservations/index.html.erb within layouts/application
  [1m[36mReservation Load (48.1ms)[0m  [1m[34mSELECT "reservations".* FROM "reservations"[0m
  [1m[36mUser Load (49.6ms)[0m  [1m[34mSELECT  "users".* FROM "users" WHERE "users"."id" = $1 LIMIT $2[0m  [["id", 1], ["LIMIT", 1]]
  [1m[36mGolfclub Load (67.9ms)[0m  [1m[34mSELECT  "golfclubs".* FROM "golfclubs" WHERE "golfclubs"."id" = $1 LIMIT $2[0m  [["id", 2], ["LIMIT", 1]]
  [1m[36mTimeslot Load (52.2ms)[0m  [1m[34mSELECT  "timeslots".* FROM "timeslots" WHERE "timeslots"."id" = $1 LIMIT $2[0m  [["id", 6], ["LIMIT", 1]]
  Rendered reservations/index.html.erb within layouts/application (231.3ms)
Completed 200 OK in 890ms (Views: 621.2ms | ActiveRecord: 218.8ms)


Started GET "/golfclubs" for 127.0.0.1 at 2017-09-10 11:05:47 -0400
Processing by GolfclubsController#index as HTML
  [1m[36mUser Load (0.5ms)[0m  [1m[34mSELECT  "users".* FROM "users" WHERE "users"."id" = $1 ORDER BY "users"."id" ASC LIMIT $2[0m  [["id", 1], ["LIMIT", 1]]
  Rendering golfclubs/index.html.erb within layouts/application
  [1m[36mGolfclub Load (3.4ms)[0m  [1m[34mSELECT "golfclubs".* FROM "golfclubs"[0m
  Rendered golfclubs/index.html.erb within layouts/application (7.5ms)
Completed 200 OK in 511ms (Views: 496.1ms | ActiveRecord: 4.0ms)


Started GET "/golfclubs/1" for 127.0.0.1 at 2017-09-10 11:05:48 -0400
Processing by GolfclubsController#show as HTML
  Parameters: {"id"=>"1"}
  [1m[36mUser Load (0.8ms)[0m  [1m[34mSELECT  "users".* FROM "users" WHERE "users"."id" = $1 ORDER BY "users"."id" ASC LIMIT $2[0m  [["id", 1], ["LIMIT", 1]]
  [1m[36mGolfclub Load (1.2ms)[0m  [1m[34mSELECT  "golfclubs".* FROM "golfclubs" WHERE "golfclubs"."id" = $1 LIMIT $2[0m  [["id", 1], ["LIMIT", 1]]
  Rendering golfclubs/show.html.erb within layouts/application
  [1m[36mTimeslot Load (0.7ms)[0m  [1m[34mSELECT "timeslots".* FROM "timeslots" WHERE "timeslots"."golfclub_id" = $1 AND "timeslots"."available" = $2[0m  [["golfclub_id", 1], ["available", "t"]]
  [1m[36mGolfclub Load (0.5ms)[0m  [1m[34mSELECT "golfclubs".* FROM "golfclubs"[0m
  [1m[36mTimeslot Load (0.6ms)[0m  [1m[34mSELECT "timeslots".* FROM "timeslots" WHERE "timeslots"."golfclub_id" = $1[0m  [["golfclub_id", 1]]
  Rendered golfclubs/show.html.erb within layouts/application (37.3ms)
Completed 200 OK in 741ms (Views: 678.2ms | ActiveRecord: 3.7ms)


Started GET "/golfclubs/1" for 127.0.0.1 at 2017-09-10 11:06:53 -0400
  [1m[35m (1.3ms)[0m  [1m[34mSELECT "schema_migrations"."version" FROM "schema_migrations" ORDER BY "schema_migrations"."version" ASC[0m
Processing by GolfclubsController#show as HTML
  Parameters: {"id"=>"1"}
  [1m[36mUser Load (1.3ms)[0m  [1m[34mSELECT  "users".* FROM "users" WHERE "users"."id" = $1 ORDER BY "users"."id" ASC LIMIT $2[0m  [["id", 1], ["LIMIT", 1]]
  [1m[36mGolfclub Load (0.5ms)[0m  [1m[34mSELECT  "golfclubs".* FROM "golfclubs" WHERE "golfclubs"."id" = $1 LIMIT $2[0m  [["id", 1], ["LIMIT", 1]]
  Rendering golfclubs/show.html.erb within layouts/application
  [1m[36mTimeslot Load (0.9ms)[0m  [1m[34mSELECT "timeslots".* FROM "timeslots" WHERE "timeslots"."golfclub_id" = $1 AND "timeslots"."available" = $2[0m  [["golfclub_id", 1], ["available", "t"]]
  [1m[36mGolfclub Load (0.5ms)[0m  [1m[34mSELECT "golfclubs".* FROM "golfclubs"[0m
  [1m[36mTimeslot Load (0.5ms)[0m  [1m[34mSELECT "timeslots".* FROM "timeslots" WHERE "timeslots"."golfclub_id" = $1[0m  [["golfclub_id", 1]]
  Rendered golfclubs/show.html.erb within layouts/application (82.3ms)
Started GET "/golfclubs/1" for 127.0.0.1 at 2017-09-10 11:07:00 -0400
Processing by GolfclubsController#show as HTML
  Parameters: {"id"=>"1"}
  [1m[36mUser Load (99.6ms)[0m  [1m[34mSELECT  "users".* FROM "users" WHERE "users"."id" = $1 ORDER BY "users"."id" ASC LIMIT $2[0m  [["id", 1], ["LIMIT", 1]]
  [1m[36mGolfclub Load (0.5ms)[0m  [1m[34mSELECT  "golfclubs".* FROM "golfclubs" WHERE "golfclubs"."id" = $1 LIMIT $2[0m  [["id", 1], ["LIMIT", 1]]
  Rendering golfclubs/show.html.erb within layouts/application
  [1m[36mTimeslot Load (18.2ms)[0m  [1m[34mSELECT "timeslots".* FROM "timeslots" WHERE "timeslots"."golfclub_id" = $1 AND "timeslots"."available" = $2[0m  [["golfclub_id", 1], ["available", "t"]]
  [1m[36mGolfclub Load (99.2ms)[0m  [1m[34mSELECT "golfclubs".* FROM "golfclubs"[0m
  [1m[36mTimeslot Load (96.9ms)[0m  [1m[34mSELECT "timeslots".* FROM "timeslots" WHERE "timeslots"."golfclub_id" = $1[0m  [["golfclub_id", 1]]
  Rendered golfclubs/show.html.erb within layouts/application (224.5ms)
Completed 200 OK in 38062ms (Views: 37799.4ms | ActiveRecord: 36.0ms)


Completed 200 OK in 35441ms (Views: 34255.7ms | ActiveRecord: 827.4ms)


Started GET "/golfclubs/1" for 127.0.0.1 at 2017-09-10 11:07:42 -0400
Processing by GolfclubsController#show as HTML
  Parameters: {"id"=>"1"}
  [1m[36mUser Load (0.6ms)[0m  [1m[34mSELECT  "users".* FROM "users" WHERE "users"."id" = $1 ORDER BY "users"."id" ASC LIMIT $2[0m  [["id", 1], ["LIMIT", 1]]
  [1m[36mGolfclub Load (0.4ms)[0m  [1m[34mSELECT  "golfclubs".* FROM "golfclubs" WHERE "golfclubs"."id" = $1 LIMIT $2[0m  [["id", 1], ["LIMIT", 1]]
  Rendering golfclubs/show.html.erb within layouts/application
  [1m[36mTimeslot Load (1.6ms)[0m  [1m[34mSELECT "timeslots".* FROM "timeslots" WHERE "timeslots"."golfclub_id" = $1 AND "timeslots"."available" = $2[0m  [["golfclub_id", 1], ["available", "t"]]
  [1m[36mGolfclub Load (3.1ms)[0m  [1m[34mSELECT "golfclubs".* FROM "golfclubs"[0m
  [1m[36mTimeslot Load (0.6ms)[0m  [1m[34mSELECT "timeslots".* FROM "timeslots" WHERE "timeslots"."golfclub_id" = $1[0m  [["golfclub_id", 1]]
  Rendered golfclubs/show.html.erb within layouts/application (20.4ms)
Completed 200 OK in 926ms (Views: 858.4ms | ActiveRecord: 6.3ms)


